Line 30: Class Mh3dfrmLibCtl.Mh3dFrame of control Mh3dFrame1 was not a loaded control class.
Line 68: Class TabDlg.SSTab of control SSTab1 was not a loaded control class.
Line 127: Class MSDataGridLib.DataGrid of control DataGrid1 was not a loaded control class.
Line 205: Class Mh3dfrmLibCtl.Mh3dFrame of control Mh3dFrame5 was not a loaded control class.
Line 234: Class FPSpreadADO.fpSpread of control fpSpread3 was not a loaded control class.
Line 304: Class MSComctlLib.Toolbar of control Toolbar1 was not a loaded control class.
Line 37: The property name _Version in Mh3dFrame1 is invalid.
Line 38: The property name _ExtentX in Mh3dFrame1 is invalid.
Line 39: The property name _ExtentY in Mh3dFrame1 is invalid.
Line 40: The property name _StockProps in Mh3dFrame1 is invalid.
Line 50: The property name TintColor in Mh3dFrame1 is invalid.
Line 51: The property name Alignment in Mh3dFrame1 is invalid.
Line 53: The property name BevelSize in Mh3dFrame1 is invalid.
Line 54: The property name BevelStyle in Mh3dFrame1 is invalid.
Line 55: The property name BorderColor in Mh3dFrame1 is invalid.
Line 58: The property name FontStyle in Mh3dFrame1 is invalid.
Line 60: The property name LightColor in Mh3dFrame1 is invalid.
Line 61: The property name ShadowColor in Mh3dFrame1 is invalid.
Line 62: The property name TextColor in Mh3dFrame1 is invalid.
Line 63: The property name WallPaper in Mh3dFrame1 is invalid.
Line 64: The property name NoPrefix in Mh3dFrame1 is invalid.
Line 65: The property name FormatString in Mh3dFrame1 is invalid.
Line 66: The property name Caption in Mh3dFrame1 is invalid.
Line 30: Property Picture in Mh3dFrame1 could not be set.
Line 75: The property name _ExtentX in SSTab1 is invalid.
Line 76: The property name _ExtentY in SSTab1 is invalid.
Line 77: The property name _Version in SSTab1 is invalid.
Line 78: The property name Style in SSTab1 is invalid.
Line 79: The property name Tabs in SSTab1 is invalid.
Line 80: The property name Tab in SSTab1 is invalid.
Line 81: The property name TabsPerRow in SSTab1 is invalid.
Line 82: The property name TabHeight in SSTab1 is invalid.
Line 83: The property name ShowFocusRect in SSTab1 is invalid.
Line 93: The property name TabCaption(0) in SSTab1 is invalid.
Line 94: The property name TabPicture(0) in SSTab1 is invalid.
Line 95: The property name Tab(0).ControlEnabled in SSTab1 is invalid.
Line 96: The property name Tab(0).Control(0) in SSTab1 is invalid.
Line 97: The property name Tab(0).Control(0).Enabled in SSTab1 is invalid.
Line 98: The property name Tab(0).Control(1) in SSTab1 is invalid.
Line 99: The property name Tab(0).Control(1).Enabled in SSTab1 is invalid.
Line 100: The property name Tab(0).Control(2) in SSTab1 is invalid.
Line 101: The property name Tab(0).Control(2).Enabled in SSTab1 is invalid.
Line 102: The property name Tab(0).ControlCount in SSTab1 is invalid.
Line 103: The property name TabCaption(1) in SSTab1 is invalid.
Line 104: The property name TabPicture(1) in SSTab1 is invalid.
Line 105: The property name Tab(1).ControlEnabled in SSTab1 is invalid.
Line 106: The property name Tab(1).Control(0) in SSTab1 is invalid.
Line 107: The property name Tab(1).Control(0).Enabled in SSTab1 is invalid.
Line 108: The property name Tab(1).ControlCount in SSTab1 is invalid.
Line 134: The property name _ExtentX in DataGrid1 is invalid.
Line 135: The property name _ExtentY in DataGrid1 is invalid.
Line 136: The property name _Version in DataGrid1 is invalid.
Line 137: The property name AllowUpdate in DataGrid1 is invalid.
Line 140: The property name HeadLines in DataGrid1 is invalid.
Line 141: The property name RowHeight in DataGrid1 is invalid.
Line 142: The property name FormatLocked in DataGrid1 is invalid.
Line 151: The property name HeadFont in DataGrid1 is invalid.
Line 161: The property name ColumnCount in DataGrid1 is invalid.
Line 174: The property name Column00 in DataGrid1 is invalid.
Line 187: The property name Column01 in DataGrid1 is invalid.
Line 188: The property name SplitCount in DataGrid1 is invalid.
Line 203: The property name Split0 in DataGrid1 is invalid.
Line 212: The property name _Version in Mh3dFrame5 is invalid.
Line 213: The property name _ExtentX in Mh3dFrame5 is invalid.
Line 214: The property name _ExtentY in Mh3dFrame5 is invalid.
Line 215: The property name _StockProps in Mh3dFrame5 is invalid.
Line 216: The property name TintColor in Mh3dFrame5 is invalid.
Line 217: The property name Alignment in Mh3dFrame5 is invalid.
Line 219: The property name BevelSize in Mh3dFrame5 is invalid.
Line 220: The property name BevelStyle in Mh3dFrame5 is invalid.
Line 221: The property name BorderColor in Mh3dFrame5 is invalid.
Line 224: The property name FontStyle in Mh3dFrame5 is invalid.
Line 226: The property name LightColor in Mh3dFrame5 is invalid.
Line 227: The property name ShadowColor in Mh3dFrame5 is invalid.
Line 228: The property name TextColor in Mh3dFrame5 is invalid.
Line 229: The property name WallPaper in Mh3dFrame5 is invalid.
Line 230: The property name NoPrefix in Mh3dFrame5 is invalid.
Line 231: The property name FormatString in Mh3dFrame5 is invalid.
Line 232: The property name Caption in Mh3dFrame5 is invalid.
Line 205: Property Picture in Mh3dFrame5 could not be set.
Line 240: The property name _Version in fpSpread3 is invalid.
Line 241: The property name _ExtentX in fpSpread3 is invalid.
Line 242: The property name _ExtentY in fpSpread3 is invalid.
Line 243: The property name _StockProps in fpSpread3 is invalid.
Line 245: The property name ButtonDrawMode in fpSpread3 is invalid.
Line 246: The property name EditEnterAction in fpSpread3 is invalid.
Line 247: The property name EditModeReplace in fpSpread3 is invalid.
Line 257: The property name GridColor in fpSpread3 is invalid.
Line 258: The property name MaxCols in fpSpread3 is invalid.
Line 259: The property name MaxRows in fpSpread3 is invalid.
Line 260: The property name SpreadDesigner in fpSpread3 is invalid.
Line 311: The property name _ExtentX in Toolbar1 is invalid.
Line 312: The property name _ExtentY in Toolbar1 is invalid.
Line 313: The property name ButtonWidth in Toolbar1 is invalid.
Line 314: The property name ButtonHeight in Toolbar1 is invalid.
Line 315: The property name Style in Toolbar1 is invalid.
Line 316: The property name _Version in Toolbar1 is invalid.
Line 385: The property name Buttons in Toolbar1 is invalid.
