Microsoft HTML Help Compiler 4.74.8702

Compiling e:\Easy Publish Prime(Live) - Today\HelpFiles\Easy Publish Prime v22.chm

Main Page.htm
Open Company.htm
Login.htm
Work Flow.htm
License Management.htm
Transactions.htm
purchasequotation.htm
Salesquotation.htm
..\HelpFilesOld\users.htm
..\HelpFilesOld\listofholidays.htm
..\HelpFilesOld\featuresandoptions.htm
..\HelpFilesOld\voucherconfiguration.htm
..\HelpFilesOld\querysystem.htm
..\HelpFilesOld\tagbillsundriesvalueparty-wise.htm
..\HelpFilesOld\utilities.htm
..\HelpFilesOld\voucherreplication.htm
..\HelpFilesOld\configuration.htm
..\HelpFilesOld\notesmanager.htm
..\HelpFilesOld\checklist.htm
..\HelpFilesOld\documentconfiguration.htm
..\HelpFilesOld\accountmaster.htm
..\HelpFilesOld\outstandinganalysis.htm
..\HelpFilesOld\brokeragecalculation.htm
..\HelpFilesOld\misreports.htm
..\HelpFilesOld\targetconfiguration.htm
..\HelpFilesOld\authormaster.htm
..\HelpFilesOld\itemmaster.htm
..\HelpFilesOld\royaltycalculation.htm
..\HelpFilesOld\costcentremaster.htm
..\HelpFilesOld\costcentregroupmaster.htm
..\HelpFilesOld\costcentrereports.htm
..\HelpFilesOld\depreciationchart.htm
..\HelpFilesOld\accountssummary.htm
..\HelpFilesOld\currencymaster.htm
..\HelpFilesOld\chequeprintingconfiguration.htm
..\HelpFilesOld\chequeprinting.htm
..\HelpFilesOld\inventorysummary.htm
..\HelpFilesOld\sales.htm
..\HelpFilesOld\orderprocessing.htm
..\HelpFilesOld\stockstatus.htm
..\HelpFilesOld\batch-wisereports.htm
..\HelpFilesOld\printutilities.htm
..\HelpFilesOld\itemsr_no_-wisereports.htm
..\HelpFilesOld\mrp-wisestockstatus.htm
..\HelpFilesOld\itemquantitydiscountstructure.htm
..\HelpFilesOld\tdscategorymaster.htm
..\HelpFilesOld\approvevouchersandmasters.htm
..\HelpFilesOld\messagecentre.htm
..\HelpFilesOld\masterseriesgroupmaster.htm
..\HelpFilesOld\smsconfiguration.htm
..\HelpFilesOld\display.htm
..\HelpFilesOld\mastersconfiguration.htm
..\HelpFilesOld\miscellaneousmaster.htm
..\HelpFilesOld\miscellaneousdataentry.htm
..\HelpFilesOld\productionreports.htm
..\HelpFilesOld\printing.htm
..\HelpFilesOld\tagbillsundriesvoucher-wise.htm
..\HelpFilesOld\vouchertemplatetagging.htm
..\HelpFilesOld\datafreezing.htm
..\HelpFilesOld\referencemanagement.htm
..\HelpFilesOld\bulkupdation.htm
..\HelpFilesOld\sendemail.htm
..\HelpFilesOld\sendsms.htm
..\HelpFilesOld\offlineemailandsms.htm
..\HelpFilesOld\blockmasters.htm
..\HelpFilesOld\deactivatemasters.htm
..\HelpFilesOld\copyvouchers(saletopurchase).htm
..\HelpFilesOld\setvoucherastemplate.htm
..\HelpFilesOld\hardwareconfiguration.htm
..\HelpFilesOld\warningalarms.htm
..\HelpFilesOld\controlmasters.htm
..\HelpFilesOld\maximumentriesinvoucher.htm
..\HelpFilesOld\ageinganalysistimeslabs.htm
..\HelpFilesOld\voucherprinting.htm
..\HelpFilesOld\columnaraccountbooks.htm
..\HelpFilesOld\reportprinting.htm
..\HelpFilesOld\itemdetailsprinting.htm
..\HelpFilesOld\letterstextconfiguration.htm
..\HelpFilesOld\labelsprintingconfiguration.htm
..\HelpFilesOld\party-itemanalysisreports.htm
..\HelpFilesOld\backupconfiguration.htm
..\HelpFilesOld\party-itempricestructure.htm
..\HelpFilesOld\interestcalculationslabs.htm
..\HelpFilesOld\itemparameter-wisepricing.htm
..\HelpFilesOld\party-wiseitemcodes.htm
..\HelpFilesOld\emailconfiguration.htm
..\HelpFilesOld\referenceprintingconfiguration.htm
..\HelpFilesOld\masters.htm
..\HelpFilesOld\pendingalertsemail-sms.htm
..\HelpFilesOld\salesanalysis.htm
..\HelpFilesOld\inputdailymessage.htm
..\HelpFilesOld\formulahelp.htm
..\HelpFilesOld\accountgroupmaster.htm
..\HelpFilesOld\bankreconciliation.htm
..\HelpFilesOld\interestcalculation.htm
..\HelpFilesOld\payrollreports.htm
..\HelpFilesOld\balancesheet.htm
..\HelpFilesOld\trialbalance.htm
..\HelpFilesOld\materialcentremaster.htm
..\HelpFilesOld\dashboardconfiguration.htm
..\HelpFilesOld\brokermaster.htm
..\HelpFilesOld\standardnarrationmaster.htm
..\HelpFilesOld\itemgroupmaster.htm
..\HelpFilesOld\dashboard.htm
..\HelpFilesOld\accountbooks.htm
..\HelpFilesOld\currencyconversionmaster.htm
..\HelpFilesOld\finalresultsconfiguration.htm
..\HelpFilesOld\ledgerreconcilliation.htm
..\HelpFilesOld\accountwiseinterestrate.htm
..\HelpFilesOld\inventorybooks.htm
..\HelpFilesOld\schemereports.htm
..\HelpFilesOld\purchaseorder.htm
..\HelpFilesOld\salesreturn.htm
..\HelpFilesOld\transactions.htm
..\HelpFilesOld\saletypemaster.htm
..\HelpFilesOld\partydashboardconfiguration.htm
..\HelpFilesOld\billsundrymaster.htm
..\HelpFilesOld\jobworkreports.htm
..\HelpFilesOld\salesorder.htm
..\HelpFilesOld\mat_issuedtoparty.htm
..\HelpFilesOld\trackingno_reports.htm
..\HelpFilesOld\purchase.htm
..\HelpFilesOld\querysystem_print.htm
..\HelpFilesOld\house-keeping.htm
..\HelpFilesOld\parameterizedstockstatus.htm
..\HelpFilesOld\taxcategorymaster.htm
..\HelpFilesOld\employeemaster.htm
..\HelpFilesOld\journal.htm
..\HelpFilesOld\payment.htm
..\HelpFilesOld\tdsreports.htm
..\HelpFilesOld\updatetransportdetails.htm
..\HelpFilesOld\updatepurchasebillnoanddate.htm
..\HelpFilesOld\callreport.htm
..\HelpFilesOld\salestaxvatreports.htm
..\HelpFilesOld\servicetaxexcisereports.htm
..\HelpFilesOld\purchaseanalysis.htm
..\HelpFilesOld\issue-receiptanalysis.htm
..\HelpFilesOld\consumptionanalysis.htm
..\HelpFilesOld\itemsreceivableandissuable.htm
..\HelpFilesOld\regeneratehelpfiles.htm
..\HelpFilesOld\executive.htm
..\HelpFilesOld\createamc-warrantyreferences.htm
..\HelpFilesOld\serialno_installationdetails.htm
..\HelpFilesOld\updatehsncodedesc_.htm
..\HelpFilesOld\regularizepdc.htm
..\HelpFilesOld\updatebillingdetails.htm
..\HelpFilesOld\updatesettlementdetails.htm
..\HelpFilesOld\updateitemserialnodetails.htm
..\HelpFilesOld\updatevoucheroptionalfields.htm
..\HelpFilesOld\emploanadvancescheduling.htm
..\HelpFilesOld\updatetariffheadingdecription.htm
..\HelpFilesOld\openinginformation.htm
..\HelpFilesOld\billofmaterialmaster.htm
..\HelpFilesOld\balancesheet_print.htm
..\HelpFilesOld\trialbalance_print.htm
..\HelpFilesOld\accountbooks_print.htm
..\HelpFilesOld\accountsummaries_print.htm
..\HelpFilesOld\costcentrereports_print.htm
..\HelpFilesOld\outstandinganalysis_print.htm
..\HelpFilesOld\interestcalculation_print.htm
..\HelpFilesOld\depericiationchart_print.htm
..\HelpFilesOld\bankreconciliation_print.htm
..\HelpFilesOld\brokeragecalculation_print.htm
..\HelpFilesOld\royaltycalculation_print.htm
..\HelpFilesOld\stockstatus_print.htm
..\HelpFilesOld\inventorybooks_print.htm
..\HelpFilesOld\inventorysummary_print.htm
..\HelpFilesOld\batch-wisereports_print.htm
..\HelpFilesOld\orderprocessing_print.htm
..\HelpFilesOld\salestaxvatreport_print.htm
..\HelpFilesOld\servicetaxandexcisereports_print.htm
..\HelpFilesOld\tdsreports_print.htm
..\HelpFilesOld\misreports_print.htm
..\HelpFilesOld\checklist_print.htm
..\HelpFilesOld\salesanalysis_print.htm
..\HelpFilesOld\purchaseanalysis_print.htm
..\HelpFilesOld\issue-receiptanalysis_print.htm
..\HelpFilesOld\consumptionanalysis_print.htm
..\HelpFilesOld\itemreceivable-issuable_print.htm
..\HelpFilesOld\productionreports_print.htm
..\HelpFilesOld\partywiseitemfilter.htm
..\HelpFilesOld\savemasterimages.htm
..\HelpFilesOld\clearreferences.htm
..\HelpFilesOld\autoadjustreferences.htm
..\HelpFilesOld\referenceadjustmentwiizard.htm
..\HelpFilesOld\updatebal_sheetstock.htm
..\HelpFilesOld\masterseriesgrouptagging.htm
..\HelpFilesOld\masterssynchronisation.htm
..\HelpFilesOld\updatemasterprintname.htm
..\HelpFilesOld\mergemasters.htm
..\HelpFilesOld\deleteunusedmasters.htm
..\HelpFilesOld\updateitemtaxcategory.htm
..\HelpFilesOld\updateitemcriticallevels.htm
..\HelpFilesOld\updateitempricediscount.htm
..\HelpFilesOld\updateitemdiscountstructure.htm
..\HelpFilesOld\updateitemmarkupstructure.htm
..\HelpFilesOld\multipleaccountcreation.htm
..\HelpFilesOld\multipleitemcreation.htm
..\HelpFilesOld\multiplecontactcreation.htm
..\HelpFilesOld\generatecontactmastersforaccount.htm
..\HelpFilesOld\multipletaxcategorycreationmodification.htm
..\HelpFilesOld\updatesalepricecalculationconfiguration.htm
..\HelpFilesOld\autogenerateproductionvouchers.htm
..\HelpFilesOld\regeneratemfr_vouchers.htm
..\HelpFilesOld\autogenerateforexgain-lossvouchers.htm
..\HelpFilesOld\autocreateinvoicechallan.htm
..\HelpFilesOld\backup.htm
..\HelpFilesOld\restore.htm
..\HelpFilesOld\itemparameterwisecriticallevels.htm
..\HelpFilesOld\administration.htm
..\HelpFilesOld\materialcentregroupmaster.htm
..\HelpFilesOld\unitmaster.htm
..\HelpFilesOld\unitconversionmaster.htm
..\HelpFilesOld\schememaster.htm
..\HelpFilesOld\stformmaster.htm
..\HelpFilesOld\purchasetypemaster.htm
..\HelpFilesOld\employeegroupmaster.htm
..\HelpFilesOld\salarycomponentmaster.htm
..\HelpFilesOld\contact.htm
..\HelpFilesOld\contactgroup.htm
..\HelpFilesOld\balancesheetstockupdation.htm
..\HelpFilesOld\partydashboard.htm
..\HelpFilesOld\purchasereturn.htm
..\HelpFilesOld\mat_rcvdfromparty.htm
..\HelpFilesOld\stocktransfer.htm
..\HelpFilesOld\production.htm
..\HelpFilesOld\unassemble.htm
..\HelpFilesOld\stockjournal.htm
..\HelpFilesOld\changefinancialyear.htm
..\HelpFilesOld\purchaseindent.htm
..\HelpFilesOld\salesquotation.htm
..\HelpFilesOld\purchasequotation.htm
..\HelpFilesOld\receipt.htm
..\HelpFilesOld\contra.htm
..\HelpFilesOld\debitnote.htm
..\HelpFilesOld\creditnote.htm
..\HelpFilesOld\formsreceived.htm
..\HelpFilesOld\formsissued.htm
..\HelpFilesOld\vatjournal.htm
..\HelpFilesOld\adjustexciseamounts.htm
..\HelpFilesOld\physicalstock.htm
..\HelpFilesOld\salarycalculation.htm
..\HelpFilesOld\callmanagement.htm
..\HelpFilesOld\rebuilddatabases_hk.htm
..\HelpFilesOld\rewritebooks.htm
..\HelpFilesOld\updatemasterbalances.htm
..\HelpFilesOld\updatevouchervatsummary.htm
..\HelpFilesOld\updatebatchorderprices.htm
..\HelpFilesOld\regeneratedualvouchers.htm
..\HelpFilesOld\checkincompletevouchers.htm
..\HelpFilesOld\masterswithjunkcharacters.htm
..\HelpFilesOld\callallocation.htm
..\HelpFilesOld\faqdatabase.htm
..\HelpFilesOld\delhisalestaxreport.htm
..\HelpFilesOld\haryanasalestaxreports.htm
..\HelpFilesOld\rajasthansalestaxreports.htm
..\HelpFilesOld\u_p_salestaxreports.htm
..\HelpFilesOld\pakistansalestaxregister.htm
..\HelpFilesOld\andamannicobarisland.htm
..\HelpFilesOld\andhrapradesh.htm
..\HelpFilesOld\arunachalpradesh.htm
..\HelpFilesOld\assam.htm
..\HelpFilesOld\bihar.htm
..\HelpFilesOld\chandigarh.htm
..\HelpFilesOld\chattisgarh.htm
..\HelpFilesOld\dadranagarhaveli.htm
..\HelpFilesOld\damandiu.htm
..\HelpFilesOld\delhi.htm
..\HelpFilesOld\goa.htm
..\HelpFilesOld\gujarat.htm
..\HelpFilesOld\haryana.htm
..\HelpFilesOld\himachalpradesh.htm
..\HelpFilesOld\jammukashmir.htm
..\HelpFilesOld\jharkhand.htm
..\HelpFilesOld\karnataka.htm
..\HelpFilesOld\kerala.htm
..\HelpFilesOld\lakshadweep.htm
..\HelpFilesOld\madhyapradesh.htm
..\HelpFilesOld\maharashtra.htm
..\HelpFilesOld\manipur.htm
..\HelpFilesOld\meghalaya.htm
..\HelpFilesOld\mizoram.htm
..\HelpFilesOld\nagaland.htm
..\HelpFilesOld\orissa.htm
..\HelpFilesOld\pondicherry.htm
..\HelpFilesOld\punjab.htm
..\HelpFilesOld\rajasthan.htm
..\HelpFilesOld\sikkim.htm
..\HelpFilesOld\tamilnadu.htm
..\HelpFilesOld\telangana.htm
..\HelpFilesOld\tripura.htm
..\HelpFilesOld\uttarpradesh.htm
..\HelpFilesOld\uttarakhand.htm
..\HelpFilesOld\westbengal.htm
..\HelpFilesOld\dataexportimport.htm
..\HelpFilesOld\trackingno_reports_print.htm
..\HelpFilesOld\printschemereport.htm
..\HelpFilesOld\jobworkreports_print.htm
..\HelpFilesOld\callmanagement_print.htm
..\HelpFilesOld\payrollreports_print.htm
..\HelpFilesOld\partyitempricestructuresynchronisation.htm
..\HelpFilesOld\updatepricestobeappliedon.htm
..\HelpFilesOld\new.htm
..\HelpFilesOld\rebuilddatabase.htm
..\HelpFilesOld\splitfinancialyear.htm
..\HelpFilesOld\setdatadirectory.htm
..\HelpFilesOld\edit.htm
..\HelpFilesOld\maintainimagenoteswithmastervch.htm
..\HelpFilesOld\inventoryfeatures.htm
..\HelpFilesOld\bulkdataupdationtohoorbo.htm
..\HelpFilesOld\callreceipt.htm
..\HelpFilesOld\add-ons.htm
..\HelpFilesOld\importmasters.htm
..\HelpFilesOld\dataexportimport(xml).htm
..\HelpFilesOld\importbusydosdata.htm
..\HelpFilesOld\importbusysqldata.htm
..\HelpFilesOld\importvoucherfromexcel.htm
..\HelpFilesOld\importopeningreferencesfromexcel.htm
..\HelpFilesOld\receivedatafrombo.htm
..\HelpFilesOld\open.htm
..\HelpFilesOld\setserverinformation.htm
..\HelpFilesOld\delete.htm
..\HelpFilesOld\convert_data_files.htm
..\HelpFilesOld\close.htm
..\HelpFilesOld\showaccurrentbalduringvchentry.htm
..\HelpFilesOld\maintainsubledger.htm
..\HelpFilesOld\stockval_mathod.htm
..\HelpFilesOld\separatesalepurchasacwithitem.htm
..\HelpFilesOld\enablejobwork.htm
..\HelpFilesOld\tagstockaccountwith.htm
..\HelpFilesOld\manufacturingfeatures.htm
..\HelpFilesOld\multigodowninventory.htm
..\HelpFilesOld\alternateunitsofitems.htm
..\HelpFilesOld\batch-wisedetails.htm
..\HelpFilesOld\orderprocessingfeature.htm
..\HelpFilesOld\salepurchasechallan.htm
..\HelpFilesOld\freeqty_invouchers.htm
..\HelpFilesOld\billsundrynarration.htm
..\HelpFilesOld\allocateexp_purctoitems.htm
..\HelpFilesOld\invoicebarcodeprinting.htm
..\HelpFilesOld\skipitemdefaultpriceduringvchmod.htm
..\HelpFilesOld\showitemcurbalduringvchentry.htm
..\HelpFilesOld\serialno-wisedetails.htm
..\HelpFilesOld\carrypendingmaterialissuercpttonextf_y_.htm
..\HelpFilesOld\mrp-wisedetails.htm
..\HelpFilesOld\pickitemsizinginfofromdescription.htm
..\HelpFilesOld\parameterizeddetails.htm
..\HelpFilesOld\separatestockupdationdate.htm
..\HelpFilesOld\maintaindruglicensenumber.htm
..\HelpFilesOld\separatestockvaluationmethod.htm
..\HelpFilesOld\showlasttransactionsduringsale.htm
..\HelpFilesOld\accountinginpureinventoryvouchers.htm
..\HelpFilesOld\showlasttransactionduringpurchase.htm
..\HelpFilesOld\maintainimagenoteswithmastervchinv.htm
..\HelpFilesOld\allowsalereturninsalevch.htm
..\HelpFilesOld\allocateadditionalexpensevoucher-wise.htm
..\HelpFilesOld\allowpurchasereturninpurcvch.htm
..\HelpFilesOld\validatesalesreturnwithoriginalsales.htm
..\HelpFilesOld\salesquotationfeature.htm
..\HelpFilesOld\validatepurchasereturnwithoriginalpurchase.htm
..\HelpFilesOld\purchasequotationfeature.htm
..\HelpFilesOld\updateitemsalepricefrompurchaseprice.htm
..\HelpFilesOld\updatepricesinitemmaster.htm
..\HelpFilesOld\enabledate-wiseitempricing.htm
..\HelpFilesOld\enablepackingdetailsinvouchers.htm
..\HelpFilesOld\donotmaintainstockbalance.htm
..\HelpFilesOld\enableitem-wisediscount.htm
..\HelpFilesOld\enableitem-wisemarkup.htm
..\HelpFilesOld\itemspricingmodeinvouchers.htm
..\HelpFilesOld\scheme.htm
..\HelpFilesOld\exchangedatawithho.htm
..\HelpFilesOld\itembarcodeprinting.htm
..\HelpFilesOld\importtradingexciseopeningref.htm
..\HelpFilesOld\importopeningbillreference.htm
..\HelpFilesOld\importopeningserialno_details.htm
..\HelpFilesOld\importopeningparameterdetails.htm
..\HelpFilesOld\importopeningbatchdetails.htm
..\HelpFilesOld\company.htm
..\HelpFilesOld\selectmodel.htm
..\HelpFilesOld\exit.htm
..\HelpFilesOld\doubleentrysystem.htm
..\HelpFilesOld\fbtreporting.htm
..\HelpFilesOld\pdc.htm
..\HelpFilesOld\postinginaccountthroughsalepurcreturn.htm
..\HelpFilesOld\party-wiseitemcodefeature.htm
..\HelpFilesOld\salestaxvat.htm
..\HelpFilesOld\itembarcodeadd-on.htm
..\HelpFilesOld\remotesupportsoftware.htm
..\HelpFilesOld\helpvideos(online).htm
..\HelpFilesOld\companysactdepreciation.htm
..\HelpFilesOld\multicurrency.htm
..\HelpFilesOld\bankreconciliationfeature.htm
..\HelpFilesOld\excise.htm
..\HelpFilesOld\accountitemlabelprinting.htm
..\HelpFilesOld\licensemanagement.htm
..\HelpFilesOld\costcentres.htm
..\HelpFilesOld\servicetax.htm
..\HelpFilesOld\favourites.htm
..\HelpFilesOld\busyconnect.htm
..\HelpFilesOld\royaltycalculationfeature.htm
..\HelpFilesOld\tds.htm
..\HelpFilesOld\implementingfeatures-options.htm
..\HelpFilesOld\targets.htm
..\HelpFilesOld\pos.htm
..\HelpFilesOld\general.htm
..\HelpFilesOld\accountingfeatures.htm
..\HelpFilesOld\callmanagementfeature.htm
..\HelpFilesOld\enterprisefeatures.htm
..\HelpFilesOld\budgets.htm
..\HelpFilesOld\maintaindatachecklist.htm
..\HelpFilesOld\showuserdetailsinvouchersmasters.htm
..\HelpFilesOld\notesmanagerfeature.htm
..\HelpFilesOld\deleteexportedfiles.htm
..\HelpFilesOld\binddatawithhdd.htm
..\HelpFilesOld\voucherauditing.htm
..\HelpFilesOld\showauditdetailsinvoucher.htm
..\HelpFilesOld\displaythoughtoftheday.htm
..\HelpFilesOld\maintainimageandsignaturewithuser.htm
..\HelpFilesOld\maintaintrackingno_invouchers.htm
..\HelpFilesOld\disableintelligentsearchinmastersdropdown.htm
..\HelpFilesOld\changevouchertypecaption(s).htm
..\HelpFilesOld\defaultmodeforsendingsms.htm
..\HelpFilesOld\printduplicatecopywhilere-printingsalesinvoice.htm
..\HelpFilesOld\billbybill.htm
..\HelpFilesOld\brokerwisereporting.htm
..\HelpFilesOld\creditlimit.htm
..\HelpFilesOld\enableenquirymanagement.htm
..\HelpFilesOld\enablesupportmanagement.htm
..\HelpFilesOld\voucherandmasterapproval.htm
..\HelpFilesOld\showapprovaldetailsinvouchersmasters.htm
..\HelpFilesOld\messagecentrefeature.htm
..\HelpFilesOld\useractivitylog.htm
..\HelpFilesOld\masterseriestaggingfeature.htm
..\HelpFilesOld\alerts.htm
..\HelpFilesOld\smsquery.htm
..\HelpFilesOld\emailquery.htm
..\HelpFilesOld\enablewebbasedreporting.htm
..\HelpFilesOld\enableparty-wisewebbasedreporting.htm
..\HelpFilesOld\enablepayroll.htm
..\HelpFilesOld\multibranchfeature.htm
..\HelpFilesOld\hobodatasync.htm
..\HelpFilesOld\enableindentmanagement.htm
..\HelpFilesOld\ereturn.htm
Main Page_files\image001.jpg
Main Page_files\image002.gif
Main Page_files\image003.gif
Open Company_files\image001.jpg
Open Company_files\image002.jpg
Open Company_files\image003.png
Open Company_files\image004.jpg
Open Company_files\image005.jpg
Login_files\image001.jpg
Login_files\image002.jpg
Login_files\image003.jpg
Login_files\image004.jpg
Login_files\image005.jpg
Login_files\image006.jpg
Login_files\image007.jpg
Login_files\image008.jpg
Login_files\image009.jpg
Work Flow_files\image001.jpg
Work Flow_files\image002.jpg
Work Flow_files\image003.jpg
Work Flow_files\image004.jpg
Work Flow_files\image005.jpg
Work Flow_files\image006.jpg
Work Flow_files\image007.jpg
Work Flow_files\image008.jpg
Work Flow_files\image009.jpg
Work Flow_files\image010.jpg
Work Flow_files\image011.jpg
Work Flow_files\image012.jpg
Work Flow_files\image013.jpg
Work Flow_files\image014.jpg
Work Flow_files\image015.jpg
Work Flow_files\image016.jpg
Work Flow_files\image017.jpg
Work Flow_files\image018.jpg
Work Flow_files\image019.jpg
Work Flow_files\image020.jpg
Work Flow_files\image021.jpg
Work Flow_files\image022.jpg
Work Flow_files\image023.jpg
Work Flow_files\image024.jpg
Work Flow_files\image025.jpg
Work Flow_files\image026.jpg
Work Flow_files\image027.jpg
Work Flow_files\image028.jpg
Work Flow_files\image029.jpg
Work Flow_files\image030.jpg
Work Flow_files\image031.jpg
Work Flow_files\image032.jpg
Work Flow_files\image033.jpg
Work Flow_files\image034.jpg
Work Flow_files\image035.jpg
Work Flow_files\image036.jpg
Work Flow_files\image037.jpg
Work Flow_files\image038.jpg
Work Flow_files\image039.jpg
Work Flow_files\image040.jpg
Work Flow_files\image041.jpg
Work Flow_files\image042.jpg
Work Flow_files\image043.jpg
Work Flow_files\image044.jpg
Work Flow_files\image045.jpg
Work Flow_files\image046.jpg
Work Flow_files\image047.jpg
Work Flow_files\image048.jpg
Work Flow_files\image049.jpg
Work Flow_files\image050.jpg
Work Flow_files\image051.jpg
Work Flow_files\image052.jpg
Work Flow_files\image053.jpg
License Management_files\image001.jpg
License Management_files\image002.jpg
License Management_files\image003.jpg
Transactions_files\image002.jpg
Transactions_files\image001.png
Transactions_files\image003.jpg
Transactions_files\image004.jpg
Transactions_files\image005.jpg
Transactions_files\image006.png
Transactions_files\image007.png
Transactions_files\image008.png
Transactions_files\image009.png
Transactions_files\image010.jpg
Transactions_files\image011.jpg
Transactions_files\image012.jpg
Transactions_files\image013.jpg
Transactions_files\image014.jpg
Transactions_files\image015.jpg
purchasequotation_files\image004.jpg
purchasequotation_files\image005.jpg
purchasequotation_files\image002.png
purchasequotation_files\image006.png
purchasequotation_files\image007.png
purchasequotation_files\image008.png
purchasequotation_files\image009.jpg
purchasequotation_files\image010.jpg
purchasequotation_files\image011.png
purchasequotation_files\image012.png
purchasequotation_files\image013.png
purchasequotation_files\image014.png
purchasequotation_files\image015.png
purchasequotation_files\image016.png
purchasequotation_files\image017.jpg
purchasequotation_files\image018.png
purchasequotation_files\image019.png
purchasequotation_files\image020.jpg
purchasequotation_files\image021.jpg
purchasequotation_files\image022.png
purchasequotation_files\image023.jpg
purchasequotation_files\image024.png
purchasequotation_files\image025.jpg
purchasequotation_files\image026.png
purchasequotation_files\image027.png
purchasequotation_files\image028.jpg
purchasequotation_files\image029.png
purchasequotation_files\image030.jpg
purchasequotation_files\image031.jpg
purchasequotation_files\image032.jpg
purchasequotation_files\image033.jpg
purchasequotation_files\image034.png
purchasequotation_files\image035.jpg
purchasequotation_files\image036.png
purchasequotation_files\image037.png
purchasequotation_files\image038.jpg
purchasequotation_files\image039.png
purchasequotation_files\image040.jpg
purchasequotation_files\image041.jpg
purchasequotation_files\image042.jpg
purchasequotation_files\image043.png
purchasequotation_files\image044.jpg
purchasequotation_files\image045.png
purchasequotation_files\image046.png
purchasequotation_files\image047.jpg
purchasequotation_files\image048.jpg
purchasequotation_files\image049.jpg
Salesquotation_files\image004.jpg
Salesquotation_files\image005.jpg
Salesquotation_files\image002.png
Salesquotation_files\image006.jpg
Salesquotation_files\image007.png
Salesquotation_files\image008.jpg
Salesquotation_files\image009.jpg
Salesquotation_files\image010.jpg
Salesquotation_files\image011.png
Salesquotation_files\image012.jpg
Salesquotation_files\image013.png
Salesquotation_files\image014.jpg
Salesquotation_files\image015.png
Salesquotation_files\image016.png
Salesquotation_files\image017.jpg
Salesquotation_files\image018.png
Salesquotation_files\image019.jpg
Salesquotation_files\image020.jpg
Salesquotation_files\image021.jpg
Salesquotation_files\image022.png
Salesquotation_files\image023.jpg
Salesquotation_files\image024.png
Salesquotation_files\image025.jpg
Salesquotation_files\image026.png
Salesquotation_files\image027.png
Salesquotation_files\image028.jpg
Salesquotation_files\image029.png
Salesquotation_files\image030.jpg
Salesquotation_files\image031.jpg
Salesquotation_files\image032.jpg
Salesquotation_files\image033.jpg
Salesquotation_files\image034.png
Salesquotation_files\image035.jpg
Salesquotation_files\image036.png
Salesquotation_files\image037.png
Salesquotation_files\image038.jpg
Salesquotation_files\image039.png
Salesquotation_files\image040.jpg
Salesquotation_files\image041.jpg
Salesquotation_files\image042.jpg
Salesquotation_files\image043.png
Salesquotation_files\image044.jpg
Salesquotation_files\image045.png
Salesquotation_files\image046.png
Salesquotation_files\image047.jpg
Salesquotation_files\image048.jpg
Salesquotation_files\image049.jpg
..\HelpFilesOld\images_busy_logo.jpg
..\HelpFilesOld\images_note.jpg
..\HelpFilesOld\hmfile_hash_b55b35e2.jpg
..\HelpFilesOld\hmfile_hash_d7c58374.jpg
..\HelpFilesOld\hmfile_hash_30db1197.jpg
..\HelpFilesOld\hmfile_hash_9d7f1fd8.jpg
..\HelpFilesOld\hmfile_hash_63585279.jpg
..\HelpFilesOld\hmfile_hash_7800c89d.jpg
..\HelpFilesOld\hmfile_hash_9972443b.jpg
..\HelpFilesOld\images_arrow_left.jpg
..\HelpFilesOld\images_arrow_right.jpg
..\HelpFilesOld\hmfile_hash_b25ab9a5.jpg
..\HelpFilesOld\hmfile_hash_4eac17df.jpg
..\HelpFilesOld\hmfile_hash_3df69e7c.jpg
..\HelpFilesOld\hmfile_hash_3534a28c.jpg
..\HelpFilesOld\hmfile_hash_621de0e7.jpg
..\HelpFilesOld\hmfile_hash_bd0a02cd.jpg
..\HelpFilesOld\hmfile_hash_0b8bdb3f.jpg
..\HelpFilesOld\hmfile_hash_ef718a57.jpg
..\HelpFilesOld\hmfile_hash_3689c0f5.jpg
..\HelpFilesOld\hmfile_hash_49671a29.jpg
..\HelpFilesOld\hmfile_hash_ba33581e.jpg
..\HelpFilesOld\hmfile_hash_59984888.jpg
..\HelpFilesOld\hmfile_hash_fa03f866.jpg
..\HelpFilesOld\iviewcapture_date_03_01_2017_time_12_53_24.jpg
..\HelpFilesOld\hmfile_hash_8fc70778.jpg
..\HelpFilesOld\hmfile_hash_559212dd.jpg
..\HelpFilesOld\hmfile_hash_e0dc928a.jpg
..\HelpFilesOld\hmfile_hash_5d8560f0.jpg
..\HelpFilesOld\hmfile_hash_9847e514.jpg
..\HelpFilesOld\hmfile_hash_742cfb65.jpg
..\HelpFilesOld\hmfile_hash_9803e944.jpg
..\HelpFilesOld\hmfile_hash_589bd3c4.jpg
..\HelpFilesOld\hmfile_hash_ff6c212d.jpg
..\HelpFilesOld\hmfile_hash_40cf13fe.jpg
..\HelpFilesOld\hmfile_hash_fa8060e4.jpg
..\HelpFilesOld\hmfile_hash_c440d8db.jpg
..\HelpFilesOld\hmfile_hash_27533a90.jpg
..\HelpFilesOld\hmfile_hash_b1a9f34d.jpg
..\HelpFilesOld\hmfile_hash_748f89b1.jpg
..\HelpFilesOld\hmfile_hash_88ba69cb.jpg
..\HelpFilesOld\hmfile_hash_2486dd39.jpg
..\HelpFilesOld\hmfile_hash_5496dbac.jpg
..\HelpFilesOld\hmfile_hash_8a13fc7f.jpg
..\HelpFilesOld\hmfile_hash_6a6473a3.jpg
..\HelpFilesOld\hmfile_hash_ef2e78b7.jpg
..\HelpFilesOld\hmfile_hash_0573e334.jpg
..\HelpFilesOld\hmfile_hash_949e5b7d.jpg
..\HelpFilesOld\hmfile_hash_cbcb85c4.jpg
..\HelpFilesOld\hmfile_hash_42dfc75d.jpg
..\HelpFilesOld\hmfile_hash_7c42d889.jpg
..\HelpFilesOld\hmfile_hash_f16e414d.jpg
..\HelpFilesOld\hmfile_hash_3864a7ff.jpg
..\HelpFilesOld\hmfile_hash_d6a87520.jpg
..\HelpFilesOld\hmfile_hash_f872090d.jpg
..\HelpFilesOld\hmfile_hash_b6ee2770.jpg
..\HelpFilesOld\hmfile_hash_e2f1c65c.jpg
..\HelpFilesOld\hmfile_hash_a544056b.jpg
..\HelpFilesOld\hmfile_hash_f693e94a.jpg
..\HelpFilesOld\hmfile_hash_44433439.jpg
..\HelpFilesOld\hmfile_hash_2611ac62.jpg
..\HelpFilesOld\hmfile_hash_5b0ee5da.jpg
..\HelpFilesOld\hmfile_hash_d93dbc87.jpg
..\HelpFilesOld\hmfile_hash_15bd8707.jpg
..\HelpFilesOld\hmfile_hash_ef682c08.jpg
..\HelpFilesOld\hmfile_hash_c5e4f5de.jpg
..\HelpFilesOld\hmfile_hash_b37b5f92.jpg
..\HelpFilesOld\hmfile_hash_11c444c0.jpg
..\HelpFilesOld\hmfile_hash_f35e002e.jpg
..\HelpFilesOld\hmfile_hash_fb91af8f.jpg
..\HelpFilesOld\hmfile_hash_5e0fe0b7.jpg
..\HelpFilesOld\hmfile_hash_bce522d6.jpg
..\HelpFilesOld\hmfile_hash_2f602713.jpg
..\HelpFilesOld\hmfile_hash_3b582172.jpg
..\HelpFilesOld\hmfile_hash_eac4b98b.jpg
..\HelpFilesOld\hmfile_hash_035a383a.jpg
..\HelpFilesOld\images_bulknumbering.jpg
..\HelpFilesOld\hmfile_hash_42eef559.jpg
..\HelpFilesOld\hmfile_hash_68f00c16.jpg
..\HelpFilesOld\images_report.jpg
..\HelpFilesOld\hmfile_hash_7f727a2b.jpg
..\HelpFilesOld\hmfile_hash_474829ce.jpg
..\HelpFilesOld\hmfile_hash_7dd6ffc1.jpg
..\HelpFilesOld\hmfile_hash_0378edb4.jpg
..\HelpFilesOld\hmfile_hash_8ed27a7b.jpg
..\HelpFilesOld\hmfile_hash_47405b06.jpg
..\HelpFilesOld\hmfile_hash_7c87ffac.jpg
..\HelpFilesOld\hmfile_hash_98b1ce5b.jpg
..\HelpFilesOld\hmfile_hash_324daa6b.jpg
..\HelpFilesOld\hmfile_hash_d2cf7860.jpg
..\HelpFilesOld\hmfile_hash_1b44661e.jpg
..\HelpFilesOld\hmfile_hash_2f0613b3.jpg
..\HelpFilesOld\hmfile_hash_81f25a62.jpg
..\HelpFilesOld\hmfile_hash_2755fef8.jpg
..\HelpFilesOld\hmfile_hash_0acea757.jpg
..\HelpFilesOld\hmfile_hash_e1b8ab81.jpg
..\HelpFilesOld\hmfile_hash_b921e607.jpg
..\HelpFilesOld\hmfile_hash_f79f53c7.jpg
..\HelpFilesOld\hmfile_hash_5114cf20.jpg
..\HelpFilesOld\hmfile_hash_6895fec8.jpg
..\HelpFilesOld\hmfile_hash_4f3c859f.jpg
..\HelpFilesOld\hmfile_hash_d6b40070.jpg
..\HelpFilesOld\hmfile_hash_df2ce405.jpg
..\HelpFilesOld\hmfile_hash_188967ef.jpg
..\HelpFilesOld\hmfile_hash_5a55844e.jpg
..\HelpFilesOld\hmfile_hash_7c40ae05.jpg
..\HelpFilesOld\hmfile_hash_03657995.jpg
..\HelpFilesOld\hmfile_hash_eb6f3010.jpg
..\HelpFilesOld\hmfile_hash_5b71ad58.jpg
..\HelpFilesOld\hmfile_hash_dbc9d7ae.jpg
..\HelpFilesOld\hmfile_hash_c6076034.jpg
..\HelpFilesOld\hmfile_hash_212299ce.jpg
..\HelpFilesOld\hmfile_hash_f84a1f2f.jpg
..\HelpFilesOld\hmfile_hash_bed4bd88.jpg
..\HelpFilesOld\hmfile_hash_44539ae3.jpg
..\HelpFilesOld\hmfile_hash_2554ef0e.jpg
..\HelpFilesOld\hmfile_hash_f87e1032.jpg
..\HelpFilesOld\hmfile_hash_2d37f15d.jpg
..\HelpFilesOld\hmfile_hash_52e36980.jpg
..\HelpFilesOld\hmfile_hash_0a3a3b27.jpg
..\HelpFilesOld\hmfile_hash_3c7f051b.jpg
..\HelpFilesOld\hmfile_hash_f67d383a.jpg
..\HelpFilesOld\hmfile_hash_9a534a74.jpg
..\HelpFilesOld\hmfile_hash_1ed1770f.jpg
..\HelpFilesOld\hmfile_hash_b4635de7.jpg
..\HelpFilesOld\hmfile_hash_c6276cef.jpg
..\HelpFilesOld\hmfile_hash_24d30a8f.jpg
..\HelpFilesOld\hmfile_hash_ab3f888c.jpg
..\HelpFilesOld\hmfile_hash_7691e4c3.jpg
..\HelpFilesOld\hmfile_hash_68073785.jpg
..\HelpFilesOld\hmfile_hash_a9238cdc.jpg
..\HelpFilesOld\hmfile_hash_e59ce5e8.jpg
..\HelpFilesOld\hmfile_hash_6c8889b2.jpg
..\HelpFilesOld\hmfile_hash_3652f17b.jpg
..\HelpFilesOld\hmfile_hash_f7681229.jpg
..\HelpFilesOld\hmfile_hash_cc9d5174.jpg
..\HelpFilesOld\hmfile_hash_7c840df1.jpg
..\HelpFilesOld\hmfile_hash_6f699849.jpg
..\HelpFilesOld\hmfile_hash_afba6692.jpg
..\HelpFilesOld\hmfile_hash_8b6eaaec.jpg
..\HelpFilesOld\hmfile_hash_21f17ccc.jpg
..\HelpFilesOld\hmfile_hash_b4b765fb.jpg
..\HelpFilesOld\hmfile_hash_658b744d.jpg
..\HelpFilesOld\hmfile_hash_caac3fae.jpg
..\HelpFilesOld\hmfile_hash_d4d2b054.jpg
..\HelpFilesOld\hmfile_hash_1508bc49.jpg
..\HelpFilesOld\hmfile_hash_6f87f4be.jpg
..\HelpFilesOld\hmfile_hash_b5a687ce.jpg
..\HelpFilesOld\hmfile_hash_4c988899.jpg
..\HelpFilesOld\hmfile_hash_54860aac.jpg
..\HelpFilesOld\hmfile_hash_a40d8100.jpg
..\HelpFilesOld\hmfile_hash_9a30e1c8.jpg
..\HelpFilesOld\hmfile_hash_77df8aca.jpg
..\HelpFilesOld\hmfile_hash_9397bcbf.jpg
..\HelpFilesOld\hmfile_hash_d70f11d3.jpg
..\HelpFilesOld\hmfile_hash_88413342.jpg
..\HelpFilesOld\hmfile_hash_6eff189e.jpg
..\HelpFilesOld\hmfile_hash_be9400e9.jpg
..\HelpFilesOld\hmfile_hash_51660e5c.jpg
..\HelpFilesOld\hmfile_hash_1ceae005.jpg
..\HelpFilesOld\hmfile_hash_ea20c56e.jpg
..\HelpFilesOld\hmfile_hash_dfe9a2c6.jpg
..\HelpFilesOld\hmfile_hash_a3d039ca.jpg
..\HelpFilesOld\hmfile_hash_d0b50b48.jpg
..\HelpFilesOld\hmfile_hash_5ae7ea95.jpg
..\HelpFilesOld\hmfile_hash_9b8daf47.jpg
..\HelpFilesOld\hmfile_hash_9766e15d.jpg
..\HelpFilesOld\hmfile_hash_7787f920.jpg
..\HelpFilesOld\hmfile_hash_dee0efdb.jpg
..\HelpFilesOld\hmfile_hash_01a26dc0.jpg
..\HelpFilesOld\hmfile_hash_65f49b42.jpg
..\HelpFilesOld\hmfile_hash_659e787d.jpg
..\HelpFilesOld\hmfile_hash_fce2c575.jpg
..\HelpFilesOld\hmfile_hash_3db13293.jpg
..\HelpFilesOld\hmfile_hash_ccd6ef34.jpg
..\HelpFilesOld\hmfile_hash_c865defa.jpg
..\HelpFilesOld\hmfile_hash_1407cded.jpg
..\HelpFilesOld\hmfile_hash_4d439448.jpg
..\HelpFilesOld\hmfile_hash_18af02b6.jpg
..\HelpFilesOld\hmfile_hash_fb4ec2c3.jpg
..\HelpFilesOld\hmfile_hash_6f29bde2.jpg
..\HelpFilesOld\hmfile_hash_3318e288.jpg
..\HelpFilesOld\hmfile_hash_29f2a69b.jpg
..\HelpFilesOld\hmfile_hash_72318790.jpg
..\HelpFilesOld\hmfile_hash_e31fa08d.jpg
..\HelpFilesOld\hmfile_hash_f092162e.jpg
..\HelpFilesOld\hmfile_hash_1a16921a.jpg
..\HelpFilesOld\hmfile_hash_8ae8fe4e.jpg
..\HelpFilesOld\hmfile_hash_f7ad5d12.jpg
..\HelpFilesOld\hmfile_hash_fb9d3ab4.jpg
..\HelpFilesOld\hmfile_hash_78a3f2a9.jpg
..\HelpFilesOld\hmfile_hash_84af4186.jpg
..\HelpFilesOld\hmfile_hash_c31f94fb.jpg
..\HelpFilesOld\hmfile_hash_cbb7e0d9.jpg
..\HelpFilesOld\hmfile_hash_1242eaf8.jpg
..\HelpFilesOld\hmfile_hash_2879c46a.jpg
..\HelpFilesOld\hmfile_hash_b9b86539.jpg
..\HelpFilesOld\hmfile_hash_d8b2024a.jpg
..\HelpFilesOld\hmfile_hash_40b39495.jpg
..\HelpFilesOld\hmfile_hash_e942e8af.jpg
..\HelpFilesOld\hmfile_hash_bf8cdab6.jpg
..\HelpFilesOld\hmfile_hash_7aba7d66.jpg
..\HelpFilesOld\hmfile_hash_14ea4972.jpg
..\HelpFilesOld\hmfile_hash_8900194e.jpg
..\HelpFilesOld\hmfile_hash_3d85b66e.jpg
..\HelpFilesOld\hmfile_hash_f00630d2.jpg
..\HelpFilesOld\hmfile_hash_334f39c4.jpg
..\HelpFilesOld\hmfile_hash_d36e43ad.jpg
..\HelpFilesOld\hmfile_hash_f6c19b1c.jpg
..\HelpFilesOld\hmfile_hash_9b0ecc15.jpg
..\HelpFilesOld\hmfile_hash_6fbdc82c.jpg
..\HelpFilesOld\hmfile_hash_b3b122f7.jpg
..\HelpFilesOld\hmfile_hash_b29069d8.jpg
..\HelpFilesOld\hmfile_hash_1853bd98.jpg
..\HelpFilesOld\hmfile_hash_6b01e41f.jpg
..\HelpFilesOld\hmfile_hash_217ab77c.jpg
..\HelpFilesOld\hmfile_hash_963b994e.jpg
..\HelpFilesOld\hmfile_hash_801c6147.jpg
..\HelpFilesOld\hmfile_hash_e7495742.jpg
..\HelpFilesOld\hmfile_hash_f2a23df0.jpg
..\HelpFilesOld\hmfile_hash_6ba92cfc.jpg
..\HelpFilesOld\hmfile_hash_aa6d27c1.jpg
..\HelpFilesOld\hmfile_hash_c0b6c153.jpg
..\HelpFilesOld\hmfile_hash_9cfdd71c.jpg
..\HelpFilesOld\hmfile_hash_66e80275.jpg
..\HelpFilesOld\hmfile_hash_0391b0a9.jpg
..\HelpFilesOld\hmfile_hash_d00aab5b.jpg
..\HelpFilesOld\hmfile_hash_9cb095c2.jpg
..\HelpFilesOld\hmfile_hash_b20afd15.jpg
..\HelpFilesOld\hmfile_hash_eb1bcabf.jpg
..\HelpFilesOld\hmfile_hash_baeacae0.jpg
..\HelpFilesOld\hmfile_hash_ddcc8693.jpg
..\HelpFilesOld\hmfile_hash_67c8a8ca.jpg
..\HelpFilesOld\hmfile_hash_75bb78a4.jpg
..\HelpFilesOld\hmfile_hash_afb37a31.jpg
..\HelpFilesOld\hmfile_hash_3d7d4b4f.jpg
..\HelpFilesOld\hmfile_hash_12380316.jpg
..\HelpFilesOld\hmfile_hash_75a61b87.jpg
..\HelpFilesOld\hmfile_hash_df02b217.jpg
..\HelpFilesOld\hmfile_hash_4b2d6fa4.jpg
..\HelpFilesOld\hmfile_hash_e133ea13.jpg
..\HelpFilesOld\hmfile_hash_eb310994.jpg
..\HelpFilesOld\hmfile_hash_a3bd8d5e.jpg
..\HelpFilesOld\hmfile_hash_e834edcb.jpg
..\HelpFilesOld\hmfile_hash_49551eb0.jpg
..\HelpFilesOld\hmfile_hash_c5a1748b.jpg
..\HelpFilesOld\hmfile_hash_aeb60f98.jpg
..\HelpFilesOld\hmfile_hash_373f3c0e.jpg
..\HelpFilesOld\hmfile_hash_d1ac9838.jpg
..\HelpFilesOld\hmfile_hash_4d45dd4e.jpg
..\HelpFilesOld\hmfile_hash_2c4cd0f5.jpg
..\HelpFilesOld\hmfile_hash_1932158d.jpg
..\HelpFilesOld\hmfile_hash_8c5e0f51.jpg
..\HelpFilesOld\hmfile_hash_bd7d615a.jpg
..\HelpFilesOld\hmfile_hash_a6965466.jpg
..\HelpFilesOld\hmfile_hash_b152f4fb.jpg
..\HelpFilesOld\hmfile_hash_bebb4235.jpg
..\HelpFilesOld\hmfile_hash_4e6d1243.jpg
..\HelpFilesOld\hmfile_hash_5418e573.jpg
..\HelpFilesOld\hmfile_hash_f8ab3698.jpg
..\HelpFilesOld\hmfile_hash_f518b31e.jpg
..\HelpFilesOld\hmfile_hash_738107aa.jpg
..\HelpFilesOld\hmfile_hash_bf3444ad.jpg
..\HelpFilesOld\hmfile_hash_3fc2f0c4.jpg
..\HelpFilesOld\hmfile_hash_295a355a.jpg
..\HelpFilesOld\hmfile_hash_97e19c12.jpg
..\HelpFilesOld\images_warning.jpg
..\HelpFilesOld\hmfile_hash_7f82b7c3.jpg
..\HelpFilesOld\hmfile_hash_893abc65.jpg
..\HelpFilesOld\hmfile_hash_6bc78d50.jpg
..\HelpFilesOld\hmfile_hash_e0f1d798.jpg
..\HelpFilesOld\hmfile_hash_183e583d.jpg
..\HelpFilesOld\hmfile_hash_afb001a4.jpg
..\HelpFilesOld\hmfile_hash_34fba2bf.jpg
..\HelpFilesOld\hmfile_hash_9d390378.jpg
..\HelpFilesOld\hmfile_hash_24f33d56.jpg
..\HelpFilesOld\hmfile_hash_8c620549.jpg
..\HelpFilesOld\hmfile_hash_220cabf7.jpg
..\HelpFilesOld\hmfile_hash_d59e086f.jpg
..\HelpFilesOld\hmfile_hash_b0e919ff.jpg
..\HelpFilesOld\hmfile_hash_848d2b01.jpg
..\HelpFilesOld\hmfile_hash_226d6589.jpg
..\HelpFilesOld\hmfile_hash_f0fcd914.jpg
..\HelpFilesOld\hmfile_hash_11690483.jpg
..\HelpFilesOld\hmfile_hash_036b016e.jpg
..\HelpFilesOld\hmfile_hash_667ea1fc.jpg
..\HelpFilesOld\hmfile_hash_822374be.jpg
..\HelpFilesOld\hmfile_hash_c95bc6bd.jpg
..\HelpFilesOld\hmfile_hash_cfdf7588.jpg
..\HelpFilesOld\hmfile_hash_f40f85e3.jpg
..\HelpFilesOld\hmfile_hash_654e9816.jpg
..\HelpFilesOld\transactions_files\image001.jpg
..\HelpFilesOld\transactions_files\image002.jpg
..\HelpFilesOld\transactions_files\image003.jpg
..\HelpFilesOld\transactions_files\image004.jpg
..\HelpFilesOld\transactions_files\image005.jpg
..\HelpFilesOld\transactions_files\image006.jpg
..\HelpFilesOld\transactions_files\image007.jpg
..\HelpFilesOld\transactions_files\image008.jpg
..\HelpFilesOld\transactions_files\image009.jpg
..\HelpFilesOld\transactions_files\image010.jpg
..\HelpFilesOld\transactions_files\image011.jpg
..\HelpFilesOld\transactions_files\image012.jpg
..\HelpFilesOld\transactions_files\image013.jpg
..\HelpFilesOld\hmfile_hash_dc869c0e.jpg
..\HelpFilesOld\hmfile_hash_9fa39ba8.jpg
..\HelpFilesOld\hmfile_hash_b0c04428.jpg
..\HelpFilesOld\hmfile_hash_839b6f65.jpg
..\HelpFilesOld\hmfile_hash_54f674ba.jpg
..\HelpFilesOld\hmfile_hash_b8568d3e.jpg
..\HelpFilesOld\hmfile_hash_f6457bd6.jpg
..\HelpFilesOld\hmfile_hash_56fa5ed7.jpg
..\HelpFilesOld\hmfile_hash_b9789cb7.jpg
..\HelpFilesOld\hmfile_hash_4ea820ca.jpg
..\HelpFilesOld\hmfile_hash_ff5b3a03.jpg
..\HelpFilesOld\hmfile_hash_a21e72cc.jpg
..\HelpFilesOld\hmfile_hash_7a3bdbfb.jpg
..\HelpFilesOld\hmfile_hash_42370634.jpg
..\HelpFilesOld\hmfile_hash_38a835fd.jpg
..\HelpFilesOld\hmfile_hash_750a7e33.jpg
..\HelpFilesOld\hmfile_hash_679aa0e1.jpg
..\HelpFilesOld\hmfile_hash_a58b8432.jpg
..\HelpFilesOld\hmfile_hash_48630593.jpg
..\HelpFilesOld\hmfile_hash_a7a0abd1.jpg
..\HelpFilesOld\hmfile_hash_834eccad.jpg
..\HelpFilesOld\hmfile_hash_43d791ba.jpg
..\HelpFilesOld\processed_help_manual_housekeeping_hskpng_menu_options.jpg
..\HelpFilesOld\hmfile_hash_8932e516.jpg
..\HelpFilesOld\hmfile_hash_4d24fbe8.jpg
..\HelpFilesOld\hmfile_hash_d8172ebd.jpg
..\HelpFilesOld\hmfile_hash_db6f01eb.jpg
..\HelpFilesOld\hmfile_hash_f0d50aa4.jpg
..\HelpFilesOld\hmfile_hash_63b0feae.jpg
..\HelpFilesOld\hmfile_hash_e6d2d491.jpg
..\HelpFilesOld\hmfile_hash_fe2c9c84.jpg
..\HelpFilesOld\hmfile_hash_5342fda2.jpg
..\HelpFilesOld\hmfile_hash_db19ec20.jpg
..\HelpFilesOld\hmfile_hash_201c4be3.jpg
..\HelpFilesOld\hmfile_hash_ac3cbfd8.jpg
..\HelpFilesOld\hmfile_hash_88d52f2e.jpg
..\HelpFilesOld\hmfile_hash_be1ec4dc.jpg
..\HelpFilesOld\hmfile_hash_5af350e8.jpg
..\HelpFilesOld\hmfile_hash_5e95d34b.jpg
..\HelpFilesOld\hmfile_hash_02b48803.jpg
..\HelpFilesOld\hmfile_hash_c259fb74.jpg
..\HelpFilesOld\hmfile_hash_ffae3c80.jpg
..\HelpFilesOld\hmfile_hash_b1201c48.jpg
..\HelpFilesOld\hmfile_hash_88242108.jpg
..\HelpFilesOld\hmfile_hash_39957839.jpg
..\HelpFilesOld\hmfile_hash_57a6e61e.jpg
..\HelpFilesOld\hmfile_hash_389f76f4.jpg
..\HelpFilesOld\hmfile_hash_2cf6bd45.jpg
..\HelpFilesOld\hmfile_hash_820db8df.jpg
..\HelpFilesOld\hmfile_hash_2475cebe.jpg
..\HelpFilesOld\hmfile_hash_29400db2.jpg
..\HelpFilesOld\hmfile_hash_1703b251.jpg
..\HelpFilesOld\hmfile_hash_0a57d70d.jpg
..\HelpFilesOld\hmfile_hash_00370172.jpg
..\HelpFilesOld\hmfile_hash_33cbcaa6.jpg
..\HelpFilesOld\hmfile_hash_05124dd0.jpg
..\HelpFilesOld\hmfile_hash_1d0cce9b.jpg
..\HelpFilesOld\hmfile_hash_724fbc60.jpg
..\HelpFilesOld\hmfile_hash_c4cb27c5.jpg
..\HelpFilesOld\hmfile_hash_231d191c.jpg
..\HelpFilesOld\hmfile_hash_c9aee47c.jpg
..\HelpFilesOld\hmfile_hash_9101d5de.jpg
..\HelpFilesOld\hmfile_hash_18b254bc.jpg
..\HelpFilesOld\hmfile_hash_1760b19d.jpg
..\HelpFilesOld\hmfile_hash_c0ff2807.jpg
..\HelpFilesOld\hmfile_hash_ee3995f8.jpg
..\HelpFilesOld\hmfile_hash_ee99fa7b.jpg
..\HelpFilesOld\hmfile_hash_b183f2fb.jpg
..\HelpFilesOld\hmfile_hash_ea36e7ef.jpg
..\HelpFilesOld\hmfile_hash_eba116aa.jpg
..\HelpFilesOld\hmfile_hash_6e97d3d2.jpg
..\HelpFilesOld\hmfile_hash_4fcb26ed.jpg
..\HelpFilesOld\hmfile_hash_9123d3f8.jpg
..\HelpFilesOld\hmfile_hash_7bd1fd67.jpg
..\HelpFilesOld\hmfile_hash_2a272961.jpg
..\HelpFilesOld\hmfile_hash_0f53d7ec.jpg
..\HelpFilesOld\hmfile_hash_b21b9b50.jpg
..\HelpFilesOld\hmfile_hash_307d3db5.jpg
..\HelpFilesOld\hmfile_hash_b5caac57.jpg
..\HelpFilesOld\hmfile_hash_fca1791c.jpg
..\HelpFilesOld\hmfile_hash_f722a6e5.jpg
..\HelpFilesOld\hmfile_hash_dcd53bdb.jpg
..\HelpFilesOld\hmfile_hash_40ff1df2.jpg
..\HelpFilesOld\hmfile_hash_f4060659.jpg
..\HelpFilesOld\hmfile_hash_6bd03ea4.jpg
..\HelpFilesOld\hmfile_hash_af232c69.jpg
..\HelpFilesOld\hmfile_hash_becbfea4.jpg
..\HelpFilesOld\hmfile_hash_a96a0af1.jpg
..\HelpFilesOld\hmfile_hash_d50531ec.jpg
..\HelpFilesOld\hmfile_hash_5609c963.jpg
..\HelpFilesOld\hmfile_hash_10d1cd40.jpg
..\HelpFilesOld\hmfile_hash_7034f895.jpg
..\HelpFilesOld\hmfile_hash_b0f584ca.jpg
..\HelpFilesOld\hmfile_hash_94310684.jpg
..\HelpFilesOld\hmfile_hash_190da958.jpg
..\HelpFilesOld\hmfile_hash_64df17c9.jpg
..\HelpFilesOld\hmfile_hash_e9047a90.jpg
..\HelpFilesOld\hmfile_hash_8ff1e12a.jpg
..\HelpFilesOld\hmfile_hash_c733e9f1.jpg
..\HelpFilesOld\hmfile_hash_4c33973f.jpg
..\HelpFilesOld\hmfile_hash_cb764ca2.jpg
..\HelpFilesOld\hmfile_hash_776ee975.jpg
..\HelpFilesOld\hmfile_hash_c167ee92.jpg
..\HelpFilesOld\hmfile_hash_274273b9.jpg
..\HelpFilesOld\hmfile_hash_73f22c3c.jpg
..\HelpFilesOld\hmfile_hash_df40c15b.jpg
..\HelpFilesOld\hmfile_hash_42fa09d7.jpg
..\HelpFilesOld\hmfile_hash_57fbff2b.jpg
..\HelpFilesOld\hmfile_hash_f0bfd063.jpg
..\HelpFilesOld\hmfile_hash_efcf9e4e.jpg
..\HelpFilesOld\hmfile_hash_05dcfbbf.jpg
..\HelpFilesOld\hmfile_hash_47b0253a.jpg
..\HelpFilesOld\hmfile_hash_e4fc1da0.jpg
..\HelpFilesOld\hmfile_hash_f785eac5.jpg
..\HelpFilesOld\hmfile_hash_549108db.jpg
..\HelpFilesOld\hmfile_hash_759f6570.jpg
..\HelpFilesOld\hmfile_hash_5f869171.jpg
..\HelpFilesOld\hmfile_hash_ca66605c.jpg
..\HelpFilesOld\hmfile_hash_d70464c0.jpg
..\HelpFilesOld\hmfile_hash_94b8a74e.jpg
..\HelpFilesOld\hmfile_hash_3c68e3ff.jpg
..\HelpFilesOld\hmfile_hash_f5ad2ff4.jpg
..\HelpFilesOld\hmfile_hash_40a8ed82.jpg
..\HelpFilesOld\hmfile_hash_bb5712bb.jpg
..\HelpFilesOld\hmfile_hash_204a4148.jpg
..\HelpFilesOld\hmfile_hash_69005b9d.jpg
..\HelpFilesOld\hmfile_hash_9ab6545d.jpg
..\HelpFilesOld\hmfile_hash_56ab0263.jpg
..\HelpFilesOld\hmfile_hash_c735118c.jpg
..\HelpFilesOld\hmfile_hash_6eb677cd.jpg
..\HelpFilesOld\hmfile_hash_5e984e4a.jpg
..\HelpFilesOld\hmfile_hash_ccba9cbf.jpg
..\HelpFilesOld\hmfile_hash_4013b50b.jpg
..\HelpFilesOld\hmfile_hash_671f70ac.jpg
..\HelpFilesOld\hmfile_hash_fa834a77.jpg
..\HelpFilesOld\hmfile_hash_2b884a64.jpg
..\HelpFilesOld\hmfile_hash_4d2984c3.jpg
..\HelpFilesOld\hmfile_hash_8da88e53.jpg
..\HelpFilesOld\hmfile_hash_43c4c27f.jpg
..\HelpFilesOld\hmfile_hash_76dbff5c.jpg
..\HelpFilesOld\hmfile_hash_e9657f99.jpg
..\HelpFilesOld\hmfile_hash_36491e00.jpg
..\HelpFilesOld\hmfile_hash_6dc4553c.jpg
..\HelpFilesOld\hmfile_hash_8cbb3117.jpg
..\HelpFilesOld\hmfile_hash_05aab46f.jpg
..\HelpFilesOld\hmfile_hash_4feae03f.jpg
..\HelpFilesOld\hmfile_hash_c427c9e7.jpg
..\HelpFilesOld\hmfile_hash_66b6ff8a.jpg
..\HelpFilesOld\hmfile_hash_73975e93.jpg
..\HelpFilesOld\hmfile_hash_8fabe988.jpg
..\HelpFilesOld\processed_help_manual_housekeeping_rebuilddb_hskp_rbdb_plstakebackup.jpg
..\HelpFilesOld\processed_help_manual_housekeeping_rewritebooks_hskp_rewritebk_plstakebacku.jpg
..\HelpFilesOld\processed_help_manual_housekeeping_rewritebooks_hskp_rewritebk_msgbox.jpg
..\HelpFilesOld\hmfile_hash_c1b6f2e3.jpg
..\HelpFilesOld\hmfile_hash_5b8a29ba.jpg
..\HelpFilesOld\hmfile_hash_961b8c4b.jpg
..\HelpFilesOld\hmfile_hash_0e75d420.jpg
..\HelpFilesOld\hmfile_hash_dd1721de.jpg
..\HelpFilesOld\hmfile_hash_9c10e8c8.jpg
..\HelpFilesOld\hmfile_hash_378ff7c0.jpg
..\HelpFilesOld\hmfile_hash_abce8c8c.jpg
..\HelpFilesOld\hmfile_hash_6bded57a.jpg
..\HelpFilesOld\hmfile_hash_f9c85d1d.jpg
..\HelpFilesOld\hmfile_hash_b1292ed4.jpg
..\HelpFilesOld\hmfile_hash_857c2996.jpg
..\HelpFilesOld\hmfile_hash_07e7441f.jpg
..\HelpFilesOld\hmfile_hash_86af4a84.jpg
..\HelpFilesOld\hmfile_hash_54d00e8c.jpg
..\HelpFilesOld\hmfile_hash_5604c3b0.jpg
..\HelpFilesOld\hmfile_hash_6f26e0b7.jpg
..\HelpFilesOld\hmfile_hash_9693ecbe.jpg
..\HelpFilesOld\hmfile_hash_335d17c4.jpg
..\HelpFilesOld\hmfile_hash_8e80c3e2.jpg
..\HelpFilesOld\hmfile_hash_ff556286.jpg
..\HelpFilesOld\hmfile_hash_ac91a44e.jpg
..\HelpFilesOld\hmfile_hash_4d639d1e.jpg
..\HelpFilesOld\hmfile_hash_bc77f80d.jpg
..\HelpFilesOld\hmfile_hash_d782f692.jpg
..\HelpFilesOld\hmfile_hash_c7d9d010.jpg
..\HelpFilesOld\hmfile_hash_23ac5c7f.jpg
..\HelpFilesOld\hmfile_hash_cf31624b.jpg
..\HelpFilesOld\hmfile_hash_7b75e852.jpg
..\HelpFilesOld\hmfile_hash_e5aac207.jpg
..\HelpFilesOld\hmfile_hash_494ea92a.jpg
..\HelpFilesOld\hmfile_hash_f835c47f.jpg
..\HelpFilesOld\hmfile_hash_980bb0d9.jpg
..\HelpFilesOld\hmfile_hash_e3bf2ac7.jpg
..\HelpFilesOld\hmfile_hash_8831eb43.jpg
..\HelpFilesOld\hmfile_hash_6260fd98.jpg
..\HelpFilesOld\hmfile_hash_cffa08f6.jpg
..\HelpFilesOld\hmfile_hash_302b342d.jpg
..\HelpFilesOld\hmfile_hash_cd2df5dd.jpg
..\HelpFilesOld\hmfile_hash_04438ea7.jpg
..\HelpFilesOld\hmfile_hash_ba646322.jpg
..\HelpFilesOld\hmfile_hash_a5358a02.jpg
..\HelpFilesOld\hmfile_hash_d7699ef8.jpg
..\HelpFilesOld\hmfile_hash_a0469261.jpg
..\HelpFilesOld\hmfile_hash_1065f3bf.jpg
..\HelpFilesOld\hmfile_hash_8c1aae98.jpg
..\HelpFilesOld\hmfile_hash_d0de9119.jpg
..\HelpFilesOld\hmfile_hash_b6a16d66.jpg
..\HelpFilesOld\hmfile_hash_57ed8123.jpg
..\HelpFilesOld\hmfile_hash_f5fc2f5a.jpg
..\HelpFilesOld\hmfile_hash_33aab8be.jpg
..\HelpFilesOld\hmfile_hash_90a62257.jpg
..\HelpFilesOld\hmfile_hash_e34efc7e.jpg
..\HelpFilesOld\hmfile_hash_ae97aa4c.jpg
..\HelpFilesOld\hmfile_hash_28a7a1db.jpg
..\HelpFilesOld\hmfile_hash_700ad301.jpg
..\HelpFilesOld\hmfile_hash_81af93df.jpg
..\HelpFilesOld\hmfile_hash_f55057b2.jpg
..\HelpFilesOld\hmfile_hash_5902876a.jpg
..\HelpFilesOld\hmfile_hash_91387f4d.jpg
..\HelpFilesOld\hmfile_hash_5c90d78d.jpg
..\HelpFilesOld\hmfile_hash_06b00b99.jpg
..\HelpFilesOld\hmfile_hash_7f0d79c1.jpg
..\HelpFilesOld\hmfile_hash_be9ba168.jpg
..\HelpFilesOld\hmfile_hash_d3189220.jpg
..\HelpFilesOld\hmfile_hash_6de97470.jpg
..\HelpFilesOld\hmfile_hash_a7499e31.jpg
..\HelpFilesOld\hmfile_hash_f03387fe.jpg
..\HelpFilesOld\hmfile_hash_207847db.jpg
..\HelpFilesOld\hmfile_hash_0edd6792.jpg
..\HelpFilesOld\hmfile_hash_629167bb.jpg
..\HelpFilesOld\hmfile_hash_cc4e43f7.jpg
..\HelpFilesOld\hmfile_hash_17b9a8b3.jpg
..\HelpFilesOld\hmfile_hash_57592d85.jpg
..\HelpFilesOld\hmfile_hash_d6742820.jpg
..\HelpFilesOld\hmfile_hash_ad5c371d.jpg
..\HelpFilesOld\hmfile_hash_8d48ca2b.jpg
..\HelpFilesOld\hmfile_hash_588e9850.jpg
..\HelpFilesOld\hmfile_hash_ebcfd755.jpg
..\HelpFilesOld\hmfile_hash_dfdb8c48.jpg
..\HelpFilesOld\hmfile_hash_f7208569.jpg
..\HelpFilesOld\hmfile_hash_e370e4dd.jpg
..\HelpFilesOld\hmfile_hash_f0cbe30a.jpg
..\HelpFilesOld\hmfile_hash_950c016d.jpg
..\HelpFilesOld\hmfile_hash_b2796aed.jpg
..\HelpFilesOld\processed_documents_excise_trd_add_item.jpg
..\HelpFilesOld\processed_help_manual_add-ons_accitemlabel_printlabel.jpg
..\HelpFilesOld\processed_help_manual_add-ons_accitemlabel_labelsheetconfig.jpg
..\HelpFilesOld\processed_help_manual_add-ons_accitemlabel_itemlabelconfig.jpg
..\HelpFilesOld\processed_help_manual_add-ons_accitemlabel_printacclabelfrmvch.jpg
..\HelpFilesOld\hmfile_hash_f2380565.jpg
..\HelpFilesOld\hmfile_hash_a69215b6.jpg
..\HelpFilesOld\hmfile_hash_028b576b.jpg
..\HelpFilesOld\hmfile_hash_4ede78e1.jpg
..\HelpFilesOld\hmfile_hash_e0b26137.jpg
..\HelpFilesOld\hmfile_hash_d7ece081.jpg
..\HelpFilesOld\hmfile_hash_a3c05d25.jpg
..\HelpFilesOld\hmfile_hash_1f14acf7.jpg
..\HelpFilesOld\hmfile_hash_145e1380.jpg
..\HelpFilesOld\hmfile_hash_63063d0b.jpg
..\HelpFilesOld\hmfile_hash_489db3ea.jpg
..\HelpFilesOld\hmfile_hash_3bebb1da.jpg
..\HelpFilesOld\images_arrow_right_grey.jpg
Transactions.docx
..\HelpFilesOld\FINAL_CSS.css
..\HelpFilesOld\Final.css
..\HelpFilesOld\jquery.js
..\HelpFilesOld\helpman_settings.js
..\HelpFilesOld\helpman_topicinit.js
..\HelpFilesOld\transactions_files\filelist.xml
..\HelpFilesOld\transactions_files\themedata.thmx
..\HelpFilesOld\transactions_files\colorschememapping.xml

Compile time: 2 minutes, 37 seconds
443	Topics
16,838	Local links
1	Internet link
742	Graphics


Created e:\Easy Publish Prime(Live) - Today\HelpFiles\Easy Publish Prime v22.chm, 31,397,581 bytes
Compression decreased file by 45,336,915 bytes.
